<?xml version="1.0" encoding="UTF-8"?>
<testsuite xmlns:xsi="http://www.w3.org/2001/XMLSchema-instance" xsi:noNamespaceSchemaLocation="https://maven.apache.org/surefire/maven-surefire-plugin/xsd/surefire-test-report.xsd" name="rockets.mining.RocketMinerUnitTest" time="0.646" tests="9" errors="0" skipped="0" failures="0">
  <properties>
    <property name="sun.desktop" value="windows"/>
    <property name="awt.toolkit" value="sun.awt.windows.WToolkit"/>
    <property name="file.encoding.pkg" value="sun.io"/>
    <property name="java.specification.version" value="1.8"/>
    <property name="sun.cpu.isalist" value="amd64"/>
    <property name="sun.jnu.encoding" value="GBK"/>
    <property name="java.class.path" value="E:\Notes\FIT5171\fit5171_2019_34-kaixiang\target\test-classes;E:\Notes\FIT5171\fit5171_2019_34-kaixiang\target\classes;C:\Users\kaixaing\.m2\repository\org\junit\jupiter\junit-jupiter-engine\5.3.2\junit-jupiter-engine-5.3.2.jar;C:\Users\kaixaing\.m2\repository\org\apiguardian\apiguardian-api\1.0.0\apiguardian-api-1.0.0.jar;C:\Users\kaixaing\.m2\repository\org\junit\platform\junit-platform-engine\1.3.2\junit-platform-engine-1.3.2.jar;C:\Users\kaixaing\.m2\repository\org\junit\platform\junit-platform-commons\1.3.2\junit-platform-commons-1.3.2.jar;C:\Users\kaixaing\.m2\repository\org\opentest4j\opentest4j\1.1.1\opentest4j-1.1.1.jar;C:\Users\kaixaing\.m2\repository\org\junit\jupiter\junit-jupiter-api\5.3.2\junit-jupiter-api-5.3.2.jar;C:\Users\kaixaing\.m2\repository\org\junit\jupiter\junit-jupiter-params\5.3.2\junit-jupiter-params-5.3.2.jar;C:\Users\kaixaing\.m2\repository\com\google\guava\guava\24.0-jre\guava-24.0-jre.jar;C:\Users\kaixaing\.m2\repository\com\google\code\findbugs\jsr305\1.3.9\jsr305-1.3.9.jar;C:\Users\kaixaing\.m2\repository\org\checkerframework\checker-compat-qual\2.0.0\checker-compat-qual-2.0.0.jar;C:\Users\kaixaing\.m2\repository\com\google\errorprone\error_prone_annotations\2.1.3\error_prone_annotations-2.1.3.jar;C:\Users\kaixaing\.m2\repository\com\google\j2objc\j2objc-annotations\1.1\j2objc-annotations-1.1.jar;C:\Users\kaixaing\.m2\repository\org\codehaus\mojo\animal-sniffer-annotations\1.14\animal-sniffer-annotations-1.14.jar;C:\Users\kaixaing\.m2\repository\org\apache\commons\commons-lang3\3.7\commons-lang3-3.7.jar;C:\Users\kaixaing\.m2\repository\org\apache\commons\commons-csv\1.5\commons-csv-1.5.jar;C:\Users\kaixaing\.m2\repository\org\neo4j\neo4j\3.5.3\neo4j-3.5.3.jar;C:\Users\kaixaing\.m2\repository\org\neo4j\neo4j-kernel\3.5.3\neo4j-kernel-3.5.3.jar;C:\Users\kaixaing\.m2\repository\org\neo4j\neo4j-lucene-index\3.5.3\neo4j-lucene-index-3.5.3.jar;C:\Users\kaixaing\.m2\repository\org\apache\lucene\lucene-analyzers-common\5.5.5\lucene-analyzers-common-5.5.5.jar;C:\Users\kaixaing\.m2\repository\org\apache\lucene\lucene-queryparser\5.5.5\lucene-queryparser-5.5.5.jar;C:\Users\kaixaing\.m2\repository\org\apache\lucene\lucene-codecs\5.5.5\lucene-codecs-5.5.5.jar;C:\Users\kaixaing\.m2\repository\org\neo4j\neo4j-fulltext-index\3.5.3\neo4j-fulltext-index-3.5.3.jar;C:\Users\kaixaing\.m2\repository\org\neo4j\neo4j-graph-algo\3.5.3\neo4j-graph-algo-3.5.3.jar;C:\Users\kaixaing\.m2\repository\org\neo4j\neo4j-udc\3.5.3\neo4j-udc-3.5.3.jar;C:\Users\kaixaing\.m2\repository\org\neo4j\neo4j-data-collector\3.5.3\neo4j-data-collector-3.5.3.jar;C:\Users\kaixaing\.m2\repository\org\scala-lang\scala-library\2.11.12\scala-library-2.11.12.jar;C:\Users\kaixaing\.m2\repository\org\scala-lang\scala-reflect\2.11.12\scala-reflect-2.11.12.jar;C:\Users\kaixaing\.m2\repository\org\neo4j\neo4j-parser-3.5\3.5.3\neo4j-parser-3.5-3.5.3.jar;C:\Users\kaixaing\.m2\repository\org\neo4j\neo4j-ast-3.5\3.5.3\neo4j-ast-3.5-3.5.3.jar;C:\Users\kaixaing\.m2\repository\org\neo4j\neo4j-expressions-3.5\3.5.3\neo4j-expressions-3.5-3.5.3.jar;C:\Users\kaixaing\.m2\repository\org\neo4j\neo4j-rewriting-3.5\3.5.3\neo4j-rewriting-3.5-3.5.3.jar;C:\Users\kaixaing\.m2\repository\org\neo4j\neo4j-cypher\3.5.3\neo4j-cypher-3.5.3.jar;C:\Users\kaixaing\.m2\repository\org\neo4j\neo4j-graph-matching\3.1.9\neo4j-graph-matching-3.1.9.jar;C:\Users\kaixaing\.m2\repository\org\neo4j\neo4j-codegen\3.5.3\neo4j-codegen-3.5.3.jar;C:\Users\kaixaing\.m2\repository\org\ow2\asm\asm\6.2\asm-6.2.jar;C:\Users\kaixaing\.m2\repository\org\ow2\asm\asm-util\6.2\asm-util-6.2.jar;C:\Users\kaixaing\.m2\repository\org\ow2\asm\asm-analysis\6.2\asm-analysis-6.2.jar;C:\Users\kaixaing\.m2\repository\org\ow2\asm\asm-tree\6.2\asm-tree-6.2.jar;C:\Users\kaixaing\.m2\repository\org\apache\commons\commons-text\1.4\commons-text-1.4.jar;C:\Users\kaixaing\.m2\repository\org\neo4j\neo4j-cypher-compiler-2.3\2.3.12\neo4j-cypher-compiler-2.3-2.3.12.jar;C:\Users\kaixaing\.m2\repository\org\neo4j\neo4j-cypher-frontend-2.3\2.3.12\neo4j-cypher-frontend-2.3-2.3.12.jar;C:\Users\kaixaing\.m2\repository\com\googlecode\concurrentlinkedhashmap\concurrentlinkedhashmap-lru\1.4.2\concurrentlinkedhashmap-lru-1.4.2.jar;C:\Users\kaixaing\.m2\repository\org\neo4j\neo4j-cypher-compiler-3.1\3.1.9\neo4j-cypher-compiler-3.1-3.1.9.jar;C:\Users\kaixaing\.m2\repository\org\neo4j\neo4j-cypher-frontend-3.1\3.1.9\neo4j-cypher-frontend-3.1-3.1.9.jar;C:\Users\kaixaing\.m2\repository\com\github\ben-manes\caffeine\caffeine\2.3.3\caffeine-2.3.3.jar;C:\Users\kaixaing\.m2\repository\org\neo4j\neo4j-cypher-planner-3.4\3.4.12\neo4j-cypher-planner-3.4-3.4.12.jar;C:\Users\kaixaing\.m2\repository\org\neo4j\openCypher-frontend-1\3.4.12\openCypher-frontend-1-3.4.12.jar;C:\Users\kaixaing\.m2\repository\org\neo4j\neo4j-cypher-util-3.4\3.4.12\neo4j-cypher-util-3.4-3.4.12.jar;C:\Users\kaixaing\.m2\repository\org\neo4j\neo4j-cypher-expression-3.4\3.4.12\neo4j-cypher-expression-3.4-3.4.12.jar;C:\Users\kaixaing\.m2\repository\org\neo4j\neo4j-cypher-ir-3.4\3.4.12\neo4j-cypher-ir-3.4-3.4.12.jar;C:\Users\kaixaing\.m2\repository\org\neo4j\neo4j-cypher-logical-plans-3.4\3.4.12\neo4j-cypher-logical-plans-3.4-3.4.12.jar;C:\Users\kaixaing\.m2\repository\org\neo4j\neo4j-cypher-planner-spi-3.4\3.4.12\neo4j-cypher-planner-spi-3.4-3.4.12.jar;C:\Users\kaixaing\.m2\repository\org\neo4j\neo4j-legacy\3.5.3\neo4j-legacy-3.5.3.jar;C:\Users\kaixaing\.m2\repository\org\neo4j\neo4j-util-3.5\3.5.3\neo4j-util-3.5-3.5.3.jar;C:\Users\kaixaing\.m2\repository\org\neo4j\neo4j-cypher-planner-3.5\3.5.3\neo4j-cypher-planner-3.5-3.5.3.jar;C:\Users\kaixaing\.m2\repository\org\neo4j\neo4j-cypher-ir-3.5\3.5.3\neo4j-cypher-ir-3.5-3.5.3.jar;C:\Users\kaixaing\.m2\repository\org\neo4j\neo4j-front-end-3.5\3.5.3\neo4j-front-end-3.5-3.5.3.jar;C:\Users\kaixaing\.m2\repository\org\neo4j\neo4j-cypher-logical-plans-3.5\3.5.3\neo4j-cypher-logical-plans-3.5-3.5.3.jar;C:\Users\kaixaing\.m2\repository\org\neo4j\neo4j-cypher-planner-spi-3.5\3.5.3\neo4j-cypher-planner-spi-3.5-3.5.3.jar;C:\Users\kaixaing\.m2\repository\org\neo4j\neo4j-cypher-runtime-util\3.5.3\neo4j-cypher-runtime-util-3.5.3.jar;C:\Users\kaixaing\.m2\repository\org\neo4j\neo4j-cypher-interpreted-runtime\3.5.3\neo4j-cypher-interpreted-runtime-3.5.3.jar;C:\Users\kaixaing\.m2\repository\org\parboiled\parboiled-scala_2.11\1.1.7\parboiled-scala_2.11-1.1.7.jar;C:\Users\kaixaing\.m2\repository\org\parboiled\parboiled-core\1.1.7\parboiled-core-1.1.7.jar;C:\Users\kaixaing\.m2\repository\net\sf\opencsv\opencsv\2.3\opencsv-2.3.jar;C:\Users\kaixaing\.m2\repository\org\neo4j\neo4j-jmx\3.5.3\neo4j-jmx-3.5.3.jar;C:\Users\kaixaing\.m2\repository\org\neo4j\neo4j-bolt\3.5.3\neo4j-bolt-3.5.3.jar;C:\Users\kaixaing\.m2\repository\io\netty\netty-all\4.1.32.Final\netty-all-4.1.32.Final.jar;C:\Users\kaixaing\.m2\repository\org\bouncycastle\bcpkix-jdk15on\1.60\bcpkix-jdk15on-1.60.jar;C:\Users\kaixaing\.m2\repository\org\neo4j\neo4j-consistency-check\3.5.3\neo4j-consistency-check-3.5.3.jar;C:\Users\kaixaing\.m2\repository\org\neo4j\neo4j-command-line\3.5.3\neo4j-command-line-3.5.3.jar;C:\Users\kaixaing\.m2\repository\org\neo4j\neo4j-dbms\3.5.3\neo4j-dbms-3.5.3.jar;C:\Users\kaixaing\.m2\repository\org\neo4j\neo4j-import-tool\3.5.3\neo4j-import-tool-3.5.3.jar;C:\Users\kaixaing\.m2\repository\org\jprocesses\jProcesses\1.6.4\jProcesses-1.6.4.jar;C:\Users\kaixaing\.m2\repository\com\profesorfalken\WMI4Java\1.6.1\WMI4Java-1.6.1.jar;C:\Users\kaixaing\.m2\repository\com\profesorfalken\jPowerShell\1.9\jPowerShell-1.9.jar;C:\Users\kaixaing\.m2\repository\org\apache\commons\commons-compress\1.18\commons-compress-1.18.jar;C:\Program Files\Java\jdk1.8.0_171\jre\..\lib\tools.jar;C:\Users\kaixaing\.m2\repository\org\neo4j\neo4j-kernel\3.5.3\neo4j-kernel-3.5.3-tests.jar;C:\Users\kaixaing\.m2\repository\org\neo4j\neo4j-graphdb-api\3.5.3\neo4j-graphdb-api-3.5.3.jar;C:\Users\kaixaing\.m2\repository\org\neo4j\neo4j-resource\3.5.3\neo4j-resource-3.5.3.jar;C:\Users\kaixaing\.m2\repository\org\neo4j\neo4j-procedure-api\3.5.3\neo4j-procedure-api-3.5.3.jar;C:\Users\kaixaing\.m2\repository\org\neo4j\neo4j-kernel-api\3.5.3\neo4j-kernel-api-3.5.3.jar;C:\Users\kaixaing\.m2\repository\org\neo4j\neo4j-diagnostics\3.5.3\neo4j-diagnostics-3.5.3.jar;C:\Users\kaixaing\.m2\repository\org\neo4j\neo4j-common\3.5.3\neo4j-common-3.5.3.jar;C:\Users\kaixaing\.m2\repository\org\neo4j\neo4j-values\3.5.3\neo4j-values-3.5.3.jar;C:\Users\kaixaing\.m2\repository\org\neo4j\neo4j-collections\3.5.3\neo4j-collections-3.5.3.jar;C:\Users\kaixaing\.m2\repository\org\neo4j\neo4j-io\3.5.3\neo4j-io-3.5.3.jar;C:\Users\kaixaing\.m2\repository\org\neo4j\neo4j-csv\3.5.3\neo4j-csv-3.5.3.jar;C:\Users\kaixaing\.m2\repository\org\neo4j\neo4j-logging\3.5.3\neo4j-logging-3.5.3.jar;C:\Users\kaixaing\.m2\repository\org\neo4j\neo4j-lucene-upgrade\3.5.3\neo4j-lucene-upgrade-3.5.3.jar;C:\Users\kaixaing\.m2\repository\org\apache\lucene\lucene-core\5.5.5\lucene-core-5.5.5.jar;C:\Users\kaixaing\.m2\repository\org\neo4j\neo4j-configuration\3.5.3\neo4j-configuration-3.5.3.jar;C:\Users\kaixaing\.m2\repository\org\neo4j\neo4j-index\3.5.3\neo4j-index-3.5.3.jar;C:\Users\kaixaing\.m2\repository\org\neo4j\neo4j-spatial-index\3.5.3\neo4j-spatial-index-3.5.3.jar;C:\Users\kaixaing\.m2\repository\org\neo4j\neo4j-ssl\3.5.3\neo4j-ssl-3.5.3.jar;C:\Users\kaixaing\.m2\repository\org\eclipse\collections\eclipse-collections\9.2.0\eclipse-collections-9.2.0.jar;C:\Users\kaixaing\.m2\repository\org\eclipse\collections\eclipse-collections-api\9.2.0\eclipse-collections-api-9.2.0.jar;C:\Users\kaixaing\.m2\repository\org\neo4j\neo4j-io\3.5.3\neo4j-io-3.5.3-tests.jar;C:\Users\kaixaing\.m2\repository\org\neo4j\neo4j-unsafe\3.5.3\neo4j-unsafe-3.5.3.jar;C:\Users\kaixaing\.m2\repository\org\neo4j\neo4j-concurrent\3.5.3\neo4j-concurrent-3.5.3.jar;C:\Users\kaixaing\.m2\repository\org\neo4j\test\neo4j-harness\3.5.3\neo4j-harness-3.5.3.jar;C:\Users\kaixaing\.m2\repository\org\neo4j\app\neo4j-server\3.5.3\neo4j-server-3.5.3.jar;C:\Users\kaixaing\.m2\repository\org\neo4j\neo4j-security\3.5.3\neo4j-security-3.5.3.jar;C:\Users\kaixaing\.m2\repository\org\neo4j\server-api\3.5.3\server-api-3.5.3.jar;C:\Users\kaixaing\.m2\repository\org\neo4j\3rdparty\javax\ws\rs\jsr311-api\1.1.2.r612\jsr311-api-1.1.2.r612.jar;C:\Users\kaixaing\.m2\repository\org\neo4j\client\neo4j-browser\3.2.16\neo4j-browser-3.2.16.jar;C:\Users\kaixaing\.m2\repository\org\eclipse\jetty\jetty-server\9.4.11.v20180605\jetty-server-9.4.11.v20180605.jar;C:\Users\kaixaing\.m2\repository\javax\servlet\javax.servlet-api\3.1.0\javax.servlet-api-3.1.0.jar;C:\Users\kaixaing\.m2\repository\org\eclipse\jetty\jetty-http\9.4.11.v20180605\jetty-http-9.4.11.v20180605.jar;C:\Users\kaixaing\.m2\repository\org\eclipse\jetty\jetty-util\9.4.11.v20180605\jetty-util-9.4.11.v20180605.jar;C:\Users\kaixaing\.m2\repository\org\eclipse\jetty\jetty-io\9.4.11.v20180605\jetty-io-9.4.11.v20180605.jar;C:\Users\kaixaing\.m2\repository\org\eclipse\jetty\jetty-webapp\9.4.11.v20180605\jetty-webapp-9.4.11.v20180605.jar;C:\Users\kaixaing\.m2\repository\org\eclipse\jetty\jetty-xml\9.4.11.v20180605\jetty-xml-9.4.11.v20180605.jar;C:\Users\kaixaing\.m2\repository\org\eclipse\jetty\jetty-servlet\9.4.11.v20180605\jetty-servlet-9.4.11.v20180605.jar;C:\Users\kaixaing\.m2\repository\org\eclipse\jetty\jetty-security\9.4.11.v20180605\jetty-security-9.4.11.v20180605.jar;C:\Users\kaixaing\.m2\repository\com\sun\jersey\jersey-server\1.19.3\jersey-server-1.19.3.jar;C:\Users\kaixaing\.m2\repository\com\sun\jersey\jersey-servlet\1.19.3\jersey-servlet-1.19.3.jar;C:\Users\kaixaing\.m2\repository\commons-configuration\commons-configuration\1.10\commons-configuration-1.10.jar;C:\Users\kaixaing\.m2\repository\commons-lang\commons-lang\2.6\commons-lang-2.6.jar;C:\Users\kaixaing\.m2\repository\org\codehaus\jackson\jackson-jaxrs\1.9.13\jackson-jaxrs-1.9.13.jar;C:\Users\kaixaing\.m2\repository\org\codehaus\jackson\jackson-core-asl\1.9.13\jackson-core-asl-1.9.13.jar;C:\Users\kaixaing\.m2\repository\org\codehaus\jackson\jackson-mapper-asl\1.9.13\jackson-mapper-asl-1.9.13.jar;C:\Users\kaixaing\.m2\repository\org\bouncycastle\bcprov-jdk15on\1.60\bcprov-jdk15on-1.60.jar;C:\Users\kaixaing\.m2\repository\javax\activation\activation\1.1.1\activation-1.1.1.jar;C:\Users\kaixaing\.m2\repository\org\glassfish\jaxb\jaxb-runtime\2.3.0.1\jaxb-runtime-2.3.0.1.jar;C:\Users\kaixaing\.m2\repository\org\jvnet\staxex\stax-ex\1.7.8\stax-ex-1.7.8.jar;C:\Users\kaixaing\.m2\repository\com\sun\xml\fastinfoset\FastInfoset\1.2.13\FastInfoset-1.2.13.jar;C:\Users\kaixaing\.m2\repository\org\glassfish\jaxb\jaxb-core\2.3.0.1\jaxb-core-2.3.0.1.jar;C:\Users\kaixaing\.m2\repository\org\glassfish\jaxb\txw2\2.3.0.1\txw2-2.3.0.1.jar;C:\Users\kaixaing\.m2\repository\com\sun\istack\istack-commons-runtime\3.0.5\istack-commons-runtime-3.0.5.jar;C:\Users\kaixaing\.m2\repository\javax\xml\bind\jaxb-api\2.3.0\jaxb-api-2.3.0.jar;C:\Users\kaixaing\.m2\repository\org\neo4j\neo4j-common\3.5.3\neo4j-common-3.5.3-tests.jar;C:\Users\kaixaing\.m2\repository\com\sun\jersey\jersey-client\1.19.3\jersey-client-1.19.3.jar;C:\Users\kaixaing\.m2\repository\com\sun\jersey\jersey-core\1.19.3\jersey-core-1.19.3.jar;C:\Users\kaixaing\.m2\repository\org\neo4j\app\neo4j-server\3.5.3\neo4j-server-3.5.3-tests.jar;C:\Users\kaixaing\.m2\repository\commons-codec\commons-codec\1.11\commons-codec-1.11.jar;C:\Users\kaixaing\.m2\repository\org\apache\httpcomponents\httpclient\4.5.6\httpclient-4.5.6.jar;C:\Users\kaixaing\.m2\repository\commons-logging\commons-logging\1.2\commons-logging-1.2.jar;C:\Users\kaixaing\.m2\repository\org\apache\httpcomponents\httpcore\4.4.10\httpcore-4.4.10.jar;C:\Users\kaixaing\.m2\repository\org\neo4j\neo4j-ogm-core\3.1.0\neo4j-ogm-core-3.1.0.jar;C:\Users\kaixaing\.m2\repository\org\neo4j\neo4j-ogm-api\3.1.0\neo4j-ogm-api-3.1.0.jar;C:\Users\kaixaing\.m2\repository\com\fasterxml\jackson\core\jackson-databind\2.7.1\jackson-databind-2.7.1.jar;C:\Users\kaixaing\.m2\repository\com\fasterxml\jackson\core\jackson-annotations\2.7.0\jackson-annotations-2.7.0.jar;C:\Users\kaixaing\.m2\repository\com\fasterxml\jackson\core\jackson-core\2.7.1\jackson-core-2.7.1.jar;C:\Users\kaixaing\.m2\repository\io\github\lukehutch\fast-classpath-scanner\2.7.4\fast-classpath-scanner-2.7.4.jar;C:\Users\kaixaing\.m2\repository\org\neo4j\neo4j-ogm-embedded-driver\3.0.2\neo4j-ogm-embedded-driver-3.0.2.jar;C:\Users\kaixaing\.m2\repository\commons-io\commons-io\2.4\commons-io-2.4.jar;C:\Users\kaixaing\.m2\repository\org\mockito\mockito-core\2.16.0\mockito-core-2.16.0.jar;C:\Users\kaixaing\.m2\repository\net\bytebuddy\byte-buddy\1.7.9\byte-buddy-1.7.9.jar;C:\Users\kaixaing\.m2\repository\net\bytebuddy\byte-buddy-agent\1.7.9\byte-buddy-agent-1.7.9.jar;C:\Users\kaixaing\.m2\repository\org\objenesis\objenesis\2.6\objenesis-2.6.jar;C:\Users\kaixaing\.m2\repository\org\apache\logging\log4j\log4j-api\2.11.0\log4j-api-2.11.0.jar;C:\Users\kaixaing\.m2\repository\org\apache\logging\log4j\log4j-core\2.11.0\log4j-core-2.11.0.jar;C:\Users\kaixaing\.m2\repository\org\apache\logging\log4j\log4j-slf4j-impl\2.11.0\log4j-slf4j-impl-2.11.0.jar;C:\Users\kaixaing\.m2\repository\org\slf4j\slf4j-api\1.8.0-alpha2\slf4j-api-1.8.0-alpha2.jar;"/>
    <property name="java.vm.vendor" value="Oracle Corporation"/>
    <property name="sun.arch.data.model" value="64"/>
    <property name="user.variant" value=""/>
    <property name="java.vendor.url" value="http://java.oracle.com/"/>
    <property name="user.timezone" value="Australia/Sydney"/>
    <property name="java.vm.specification.version" value="1.8"/>
    <property name="os.name" value="Windows 10"/>
    <property name="user.country" value="CN"/>
    <property name="sun.java.launcher" value="SUN_STANDARD"/>
    <property name="sun.boot.library.path" value="C:\Program Files\Java\jdk1.8.0_171\jre\bin"/>
    <property name="sun.java.command" value="C:\Users\kaixaing\AppData\Local\Temp\surefire8656749172123475644\surefirebooter7194435788391452860.jar C:\Users\kaixaing\AppData\Local\Temp\surefire8656749172123475644 2019-04-28T20-32-42_339-jvmRun1 surefire1717097097381248835tmp surefire_03147674521047051tmp"/>
    <property name="surefire.test.class.path" value="E:\Notes\FIT5171\fit5171_2019_34-kaixiang\target\test-classes;E:\Notes\FIT5171\fit5171_2019_34-kaixiang\target\classes;C:\Users\kaixaing\.m2\repository\org\junit\jupiter\junit-jupiter-engine\5.3.2\junit-jupiter-engine-5.3.2.jar;C:\Users\kaixaing\.m2\repository\org\apiguardian\apiguardian-api\1.0.0\apiguardian-api-1.0.0.jar;C:\Users\kaixaing\.m2\repository\org\junit\platform\junit-platform-engine\1.3.2\junit-platform-engine-1.3.2.jar;C:\Users\kaixaing\.m2\repository\org\junit\platform\junit-platform-commons\1.3.2\junit-platform-commons-1.3.2.jar;C:\Users\kaixaing\.m2\repository\org\opentest4j\opentest4j\1.1.1\opentest4j-1.1.1.jar;C:\Users\kaixaing\.m2\repository\org\junit\jupiter\junit-jupiter-api\5.3.2\junit-jupiter-api-5.3.2.jar;C:\Users\kaixaing\.m2\repository\org\junit\jupiter\junit-jupiter-params\5.3.2\junit-jupiter-params-5.3.2.jar;C:\Users\kaixaing\.m2\repository\com\google\guava\guava\24.0-jre\guava-24.0-jre.jar;C:\Users\kaixaing\.m2\repository\com\google\code\findbugs\jsr305\1.3.9\jsr305-1.3.9.jar;C:\Users\kaixaing\.m2\repository\org\checkerframework\checker-compat-qual\2.0.0\checker-compat-qual-2.0.0.jar;C:\Users\kaixaing\.m2\repository\com\google\errorprone\error_prone_annotations\2.1.3\error_prone_annotations-2.1.3.jar;C:\Users\kaixaing\.m2\repository\com\google\j2objc\j2objc-annotations\1.1\j2objc-annotations-1.1.jar;C:\Users\kaixaing\.m2\repository\org\codehaus\mojo\animal-sniffer-annotations\1.14\animal-sniffer-annotations-1.14.jar;C:\Users\kaixaing\.m2\repository\org\apache\commons\commons-lang3\3.7\commons-lang3-3.7.jar;C:\Users\kaixaing\.m2\repository\org\apache\commons\commons-csv\1.5\commons-csv-1.5.jar;C:\Users\kaixaing\.m2\repository\org\neo4j\neo4j\3.5.3\neo4j-3.5.3.jar;C:\Users\kaixaing\.m2\repository\org\neo4j\neo4j-kernel\3.5.3\neo4j-kernel-3.5.3.jar;C:\Users\kaixaing\.m2\repository\org\neo4j\neo4j-lucene-index\3.5.3\neo4j-lucene-index-3.5.3.jar;C:\Users\kaixaing\.m2\repository\org\apache\lucene\lucene-analyzers-common\5.5.5\lucene-analyzers-common-5.5.5.jar;C:\Users\kaixaing\.m2\repository\org\apache\lucene\lucene-queryparser\5.5.5\lucene-queryparser-5.5.5.jar;C:\Users\kaixaing\.m2\repository\org\apache\lucene\lucene-codecs\5.5.5\lucene-codecs-5.5.5.jar;C:\Users\kaixaing\.m2\repository\org\neo4j\neo4j-fulltext-index\3.5.3\neo4j-fulltext-index-3.5.3.jar;C:\Users\kaixaing\.m2\repository\org\neo4j\neo4j-graph-algo\3.5.3\neo4j-graph-algo-3.5.3.jar;C:\Users\kaixaing\.m2\repository\org\neo4j\neo4j-udc\3.5.3\neo4j-udc-3.5.3.jar;C:\Users\kaixaing\.m2\repository\org\neo4j\neo4j-data-collector\3.5.3\neo4j-data-collector-3.5.3.jar;C:\Users\kaixaing\.m2\repository\org\scala-lang\scala-library\2.11.12\scala-library-2.11.12.jar;C:\Users\kaixaing\.m2\repository\org\scala-lang\scala-reflect\2.11.12\scala-reflect-2.11.12.jar;C:\Users\kaixaing\.m2\repository\org\neo4j\neo4j-parser-3.5\3.5.3\neo4j-parser-3.5-3.5.3.jar;C:\Users\kaixaing\.m2\repository\org\neo4j\neo4j-ast-3.5\3.5.3\neo4j-ast-3.5-3.5.3.jar;C:\Users\kaixaing\.m2\repository\org\neo4j\neo4j-expressions-3.5\3.5.3\neo4j-expressions-3.5-3.5.3.jar;C:\Users\kaixaing\.m2\repository\org\neo4j\neo4j-rewriting-3.5\3.5.3\neo4j-rewriting-3.5-3.5.3.jar;C:\Users\kaixaing\.m2\repository\org\neo4j\neo4j-cypher\3.5.3\neo4j-cypher-3.5.3.jar;C:\Users\kaixaing\.m2\repository\org\neo4j\neo4j-graph-matching\3.1.9\neo4j-graph-matching-3.1.9.jar;C:\Users\kaixaing\.m2\repository\org\neo4j\neo4j-codegen\3.5.3\neo4j-codegen-3.5.3.jar;C:\Users\kaixaing\.m2\repository\org\ow2\asm\asm\6.2\asm-6.2.jar;C:\Users\kaixaing\.m2\repository\org\ow2\asm\asm-util\6.2\asm-util-6.2.jar;C:\Users\kaixaing\.m2\repository\org\ow2\asm\asm-analysis\6.2\asm-analysis-6.2.jar;C:\Users\kaixaing\.m2\repository\org\ow2\asm\asm-tree\6.2\asm-tree-6.2.jar;C:\Users\kaixaing\.m2\repository\org\apache\commons\commons-text\1.4\commons-text-1.4.jar;C:\Users\kaixaing\.m2\repository\org\neo4j\neo4j-cypher-compiler-2.3\2.3.12\neo4j-cypher-compiler-2.3-2.3.12.jar;C:\Users\kaixaing\.m2\repository\org\neo4j\neo4j-cypher-frontend-2.3\2.3.12\neo4j-cypher-frontend-2.3-2.3.12.jar;C:\Users\kaixaing\.m2\repository\com\googlecode\concurrentlinkedhashmap\concurrentlinkedhashmap-lru\1.4.2\concurrentlinkedhashmap-lru-1.4.2.jar;C:\Users\kaixaing\.m2\repository\org\neo4j\neo4j-cypher-compiler-3.1\3.1.9\neo4j-cypher-compiler-3.1-3.1.9.jar;C:\Users\kaixaing\.m2\repository\org\neo4j\neo4j-cypher-frontend-3.1\3.1.9\neo4j-cypher-frontend-3.1-3.1.9.jar;C:\Users\kaixaing\.m2\repository\com\github\ben-manes\caffeine\caffeine\2.3.3\caffeine-2.3.3.jar;C:\Users\kaixaing\.m2\repository\org\neo4j\neo4j-cypher-planner-3.4\3.4.12\neo4j-cypher-planner-3.4-3.4.12.jar;C:\Users\kaixaing\.m2\repository\org\neo4j\openCypher-frontend-1\3.4.12\openCypher-frontend-1-3.4.12.jar;C:\Users\kaixaing\.m2\repository\org\neo4j\neo4j-cypher-util-3.4\3.4.12\neo4j-cypher-util-3.4-3.4.12.jar;C:\Users\kaixaing\.m2\repository\org\neo4j\neo4j-cypher-expression-3.4\3.4.12\neo4j-cypher-expression-3.4-3.4.12.jar;C:\Users\kaixaing\.m2\repository\org\neo4j\neo4j-cypher-ir-3.4\3.4.12\neo4j-cypher-ir-3.4-3.4.12.jar;C:\Users\kaixaing\.m2\repository\org\neo4j\neo4j-cypher-logical-plans-3.4\3.4.12\neo4j-cypher-logical-plans-3.4-3.4.12.jar;C:\Users\kaixaing\.m2\repository\org\neo4j\neo4j-cypher-planner-spi-3.4\3.4.12\neo4j-cypher-planner-spi-3.4-3.4.12.jar;C:\Users\kaixaing\.m2\repository\org\neo4j\neo4j-legacy\3.5.3\neo4j-legacy-3.5.3.jar;C:\Users\kaixaing\.m2\repository\org\neo4j\neo4j-util-3.5\3.5.3\neo4j-util-3.5-3.5.3.jar;C:\Users\kaixaing\.m2\repository\org\neo4j\neo4j-cypher-planner-3.5\3.5.3\neo4j-cypher-planner-3.5-3.5.3.jar;C:\Users\kaixaing\.m2\repository\org\neo4j\neo4j-cypher-ir-3.5\3.5.3\neo4j-cypher-ir-3.5-3.5.3.jar;C:\Users\kaixaing\.m2\repository\org\neo4j\neo4j-front-end-3.5\3.5.3\neo4j-front-end-3.5-3.5.3.jar;C:\Users\kaixaing\.m2\repository\org\neo4j\neo4j-cypher-logical-plans-3.5\3.5.3\neo4j-cypher-logical-plans-3.5-3.5.3.jar;C:\Users\kaixaing\.m2\repository\org\neo4j\neo4j-cypher-planner-spi-3.5\3.5.3\neo4j-cypher-planner-spi-3.5-3.5.3.jar;C:\Users\kaixaing\.m2\repository\org\neo4j\neo4j-cypher-runtime-util\3.5.3\neo4j-cypher-runtime-util-3.5.3.jar;C:\Users\kaixaing\.m2\repository\org\neo4j\neo4j-cypher-interpreted-runtime\3.5.3\neo4j-cypher-interpreted-runtime-3.5.3.jar;C:\Users\kaixaing\.m2\repository\org\parboiled\parboiled-scala_2.11\1.1.7\parboiled-scala_2.11-1.1.7.jar;C:\Users\kaixaing\.m2\repository\org\parboiled\parboiled-core\1.1.7\parboiled-core-1.1.7.jar;C:\Users\kaixaing\.m2\repository\net\sf\opencsv\opencsv\2.3\opencsv-2.3.jar;C:\Users\kaixaing\.m2\repository\org\neo4j\neo4j-jmx\3.5.3\neo4j-jmx-3.5.3.jar;C:\Users\kaixaing\.m2\repository\org\neo4j\neo4j-bolt\3.5.3\neo4j-bolt-3.5.3.jar;C:\Users\kaixaing\.m2\repository\io\netty\netty-all\4.1.32.Final\netty-all-4.1.32.Final.jar;C:\Users\kaixaing\.m2\repository\org\bouncycastle\bcpkix-jdk15on\1.60\bcpkix-jdk15on-1.60.jar;C:\Users\kaixaing\.m2\repository\org\neo4j\neo4j-consistency-check\3.5.3\neo4j-consistency-check-3.5.3.jar;C:\Users\kaixaing\.m2\repository\org\neo4j\neo4j-command-line\3.5.3\neo4j-command-line-3.5.3.jar;C:\Users\kaixaing\.m2\repository\org\neo4j\neo4j-dbms\3.5.3\neo4j-dbms-3.5.3.jar;C:\Users\kaixaing\.m2\repository\org\neo4j\neo4j-import-tool\3.5.3\neo4j-import-tool-3.5.3.jar;C:\Users\kaixaing\.m2\repository\org\jprocesses\jProcesses\1.6.4\jProcesses-1.6.4.jar;C:\Users\kaixaing\.m2\repository\com\profesorfalken\WMI4Java\1.6.1\WMI4Java-1.6.1.jar;C:\Users\kaixaing\.m2\repository\com\profesorfalken\jPowerShell\1.9\jPowerShell-1.9.jar;C:\Users\kaixaing\.m2\repository\org\apache\commons\commons-compress\1.18\commons-compress-1.18.jar;C:\Program Files\Java\jdk1.8.0_171\jre\..\lib\tools.jar;C:\Users\kaixaing\.m2\repository\org\neo4j\neo4j-kernel\3.5.3\neo4j-kernel-3.5.3-tests.jar;C:\Users\kaixaing\.m2\repository\org\neo4j\neo4j-graphdb-api\3.5.3\neo4j-graphdb-api-3.5.3.jar;C:\Users\kaixaing\.m2\repository\org\neo4j\neo4j-resource\3.5.3\neo4j-resource-3.5.3.jar;C:\Users\kaixaing\.m2\repository\org\neo4j\neo4j-procedure-api\3.5.3\neo4j-procedure-api-3.5.3.jar;C:\Users\kaixaing\.m2\repository\org\neo4j\neo4j-kernel-api\3.5.3\neo4j-kernel-api-3.5.3.jar;C:\Users\kaixaing\.m2\repository\org\neo4j\neo4j-diagnostics\3.5.3\neo4j-diagnostics-3.5.3.jar;C:\Users\kaixaing\.m2\repository\org\neo4j\neo4j-common\3.5.3\neo4j-common-3.5.3.jar;C:\Users\kaixaing\.m2\repository\org\neo4j\neo4j-values\3.5.3\neo4j-values-3.5.3.jar;C:\Users\kaixaing\.m2\repository\org\neo4j\neo4j-collections\3.5.3\neo4j-collections-3.5.3.jar;C:\Users\kaixaing\.m2\repository\org\neo4j\neo4j-io\3.5.3\neo4j-io-3.5.3.jar;C:\Users\kaixaing\.m2\repository\org\neo4j\neo4j-csv\3.5.3\neo4j-csv-3.5.3.jar;C:\Users\kaixaing\.m2\repository\org\neo4j\neo4j-logging\3.5.3\neo4j-logging-3.5.3.jar;C:\Users\kaixaing\.m2\repository\org\neo4j\neo4j-lucene-upgrade\3.5.3\neo4j-lucene-upgrade-3.5.3.jar;C:\Users\kaixaing\.m2\repository\org\apache\lucene\lucene-core\5.5.5\lucene-core-5.5.5.jar;C:\Users\kaixaing\.m2\repository\org\neo4j\neo4j-configuration\3.5.3\neo4j-configuration-3.5.3.jar;C:\Users\kaixaing\.m2\repository\org\neo4j\neo4j-index\3.5.3\neo4j-index-3.5.3.jar;C:\Users\kaixaing\.m2\repository\org\neo4j\neo4j-spatial-index\3.5.3\neo4j-spatial-index-3.5.3.jar;C:\Users\kaixaing\.m2\repository\org\neo4j\neo4j-ssl\3.5.3\neo4j-ssl-3.5.3.jar;C:\Users\kaixaing\.m2\repository\org\eclipse\collections\eclipse-collections\9.2.0\eclipse-collections-9.2.0.jar;C:\Users\kaixaing\.m2\repository\org\eclipse\collections\eclipse-collections-api\9.2.0\eclipse-collections-api-9.2.0.jar;C:\Users\kaixaing\.m2\repository\org\neo4j\neo4j-io\3.5.3\neo4j-io-3.5.3-tests.jar;C:\Users\kaixaing\.m2\repository\org\neo4j\neo4j-unsafe\3.5.3\neo4j-unsafe-3.5.3.jar;C:\Users\kaixaing\.m2\repository\org\neo4j\neo4j-concurrent\3.5.3\neo4j-concurrent-3.5.3.jar;C:\Users\kaixaing\.m2\repository\org\neo4j\test\neo4j-harness\3.5.3\neo4j-harness-3.5.3.jar;C:\Users\kaixaing\.m2\repository\org\neo4j\app\neo4j-server\3.5.3\neo4j-server-3.5.3.jar;C:\Users\kaixaing\.m2\repository\org\neo4j\neo4j-security\3.5.3\neo4j-security-3.5.3.jar;C:\Users\kaixaing\.m2\repository\org\neo4j\server-api\3.5.3\server-api-3.5.3.jar;C:\Users\kaixaing\.m2\repository\org\neo4j\3rdparty\javax\ws\rs\jsr311-api\1.1.2.r612\jsr311-api-1.1.2.r612.jar;C:\Users\kaixaing\.m2\repository\org\neo4j\client\neo4j-browser\3.2.16\neo4j-browser-3.2.16.jar;C:\Users\kaixaing\.m2\repository\org\eclipse\jetty\jetty-server\9.4.11.v20180605\jetty-server-9.4.11.v20180605.jar;C:\Users\kaixaing\.m2\repository\javax\servlet\javax.servlet-api\3.1.0\javax.servlet-api-3.1.0.jar;C:\Users\kaixaing\.m2\repository\org\eclipse\jetty\jetty-http\9.4.11.v20180605\jetty-http-9.4.11.v20180605.jar;C:\Users\kaixaing\.m2\repository\org\eclipse\jetty\jetty-util\9.4.11.v20180605\jetty-util-9.4.11.v20180605.jar;C:\Users\kaixaing\.m2\repository\org\eclipse\jetty\jetty-io\9.4.11.v20180605\jetty-io-9.4.11.v20180605.jar;C:\Users\kaixaing\.m2\repository\org\eclipse\jetty\jetty-webapp\9.4.11.v20180605\jetty-webapp-9.4.11.v20180605.jar;C:\Users\kaixaing\.m2\repository\org\eclipse\jetty\jetty-xml\9.4.11.v20180605\jetty-xml-9.4.11.v20180605.jar;C:\Users\kaixaing\.m2\repository\org\eclipse\jetty\jetty-servlet\9.4.11.v20180605\jetty-servlet-9.4.11.v20180605.jar;C:\Users\kaixaing\.m2\repository\org\eclipse\jetty\jetty-security\9.4.11.v20180605\jetty-security-9.4.11.v20180605.jar;C:\Users\kaixaing\.m2\repository\com\sun\jersey\jersey-server\1.19.3\jersey-server-1.19.3.jar;C:\Users\kaixaing\.m2\repository\com\sun\jersey\jersey-servlet\1.19.3\jersey-servlet-1.19.3.jar;C:\Users\kaixaing\.m2\repository\commons-configuration\commons-configuration\1.10\commons-configuration-1.10.jar;C:\Users\kaixaing\.m2\repository\commons-lang\commons-lang\2.6\commons-lang-2.6.jar;C:\Users\kaixaing\.m2\repository\org\codehaus\jackson\jackson-jaxrs\1.9.13\jackson-jaxrs-1.9.13.jar;C:\Users\kaixaing\.m2\repository\org\codehaus\jackson\jackson-core-asl\1.9.13\jackson-core-asl-1.9.13.jar;C:\Users\kaixaing\.m2\repository\org\codehaus\jackson\jackson-mapper-asl\1.9.13\jackson-mapper-asl-1.9.13.jar;C:\Users\kaixaing\.m2\repository\org\bouncycastle\bcprov-jdk15on\1.60\bcprov-jdk15on-1.60.jar;C:\Users\kaixaing\.m2\repository\javax\activation\activation\1.1.1\activation-1.1.1.jar;C:\Users\kaixaing\.m2\repository\org\glassfish\jaxb\jaxb-runtime\2.3.0.1\jaxb-runtime-2.3.0.1.jar;C:\Users\kaixaing\.m2\repository\org\jvnet\staxex\stax-ex\1.7.8\stax-ex-1.7.8.jar;C:\Users\kaixaing\.m2\repository\com\sun\xml\fastinfoset\FastInfoset\1.2.13\FastInfoset-1.2.13.jar;C:\Users\kaixaing\.m2\repository\org\glassfish\jaxb\jaxb-core\2.3.0.1\jaxb-core-2.3.0.1.jar;C:\Users\kaixaing\.m2\repository\org\glassfish\jaxb\txw2\2.3.0.1\txw2-2.3.0.1.jar;C:\Users\kaixaing\.m2\repository\com\sun\istack\istack-commons-runtime\3.0.5\istack-commons-runtime-3.0.5.jar;C:\Users\kaixaing\.m2\repository\javax\xml\bind\jaxb-api\2.3.0\jaxb-api-2.3.0.jar;C:\Users\kaixaing\.m2\repository\org\neo4j\neo4j-common\3.5.3\neo4j-common-3.5.3-tests.jar;C:\Users\kaixaing\.m2\repository\com\sun\jersey\jersey-client\1.19.3\jersey-client-1.19.3.jar;C:\Users\kaixaing\.m2\repository\com\sun\jersey\jersey-core\1.19.3\jersey-core-1.19.3.jar;C:\Users\kaixaing\.m2\repository\org\neo4j\app\neo4j-server\3.5.3\neo4j-server-3.5.3-tests.jar;C:\Users\kaixaing\.m2\repository\commons-codec\commons-codec\1.11\commons-codec-1.11.jar;C:\Users\kaixaing\.m2\repository\org\apache\httpcomponents\httpclient\4.5.6\httpclient-4.5.6.jar;C:\Users\kaixaing\.m2\repository\commons-logging\commons-logging\1.2\commons-logging-1.2.jar;C:\Users\kaixaing\.m2\repository\org\apache\httpcomponents\httpcore\4.4.10\httpcore-4.4.10.jar;C:\Users\kaixaing\.m2\repository\org\neo4j\neo4j-ogm-core\3.1.0\neo4j-ogm-core-3.1.0.jar;C:\Users\kaixaing\.m2\repository\org\neo4j\neo4j-ogm-api\3.1.0\neo4j-ogm-api-3.1.0.jar;C:\Users\kaixaing\.m2\repository\com\fasterxml\jackson\core\jackson-databind\2.7.1\jackson-databind-2.7.1.jar;C:\Users\kaixaing\.m2\repository\com\fasterxml\jackson\core\jackson-annotations\2.7.0\jackson-annotations-2.7.0.jar;C:\Users\kaixaing\.m2\repository\com\fasterxml\jackson\core\jackson-core\2.7.1\jackson-core-2.7.1.jar;C:\Users\kaixaing\.m2\repository\io\github\lukehutch\fast-classpath-scanner\2.7.4\fast-classpath-scanner-2.7.4.jar;C:\Users\kaixaing\.m2\repository\org\neo4j\neo4j-ogm-embedded-driver\3.0.2\neo4j-ogm-embedded-driver-3.0.2.jar;C:\Users\kaixaing\.m2\repository\commons-io\commons-io\2.4\commons-io-2.4.jar;C:\Users\kaixaing\.m2\repository\org\mockito\mockito-core\2.16.0\mockito-core-2.16.0.jar;C:\Users\kaixaing\.m2\repository\net\bytebuddy\byte-buddy\1.7.9\byte-buddy-1.7.9.jar;C:\Users\kaixaing\.m2\repository\net\bytebuddy\byte-buddy-agent\1.7.9\byte-buddy-agent-1.7.9.jar;C:\Users\kaixaing\.m2\repository\org\objenesis\objenesis\2.6\objenesis-2.6.jar;C:\Users\kaixaing\.m2\repository\org\apache\logging\log4j\log4j-api\2.11.0\log4j-api-2.11.0.jar;C:\Users\kaixaing\.m2\repository\org\apache\logging\log4j\log4j-core\2.11.0\log4j-core-2.11.0.jar;C:\Users\kaixaing\.m2\repository\org\apache\logging\log4j\log4j-slf4j-impl\2.11.0\log4j-slf4j-impl-2.11.0.jar;C:\Users\kaixaing\.m2\repository\org\slf4j\slf4j-api\1.8.0-alpha2\slf4j-api-1.8.0-alpha2.jar;"/>
    <property name="sun.cpu.endian" value="little"/>
    <property name="user.home" value="C:\Users\kaixaing"/>
    <property name="user.language" value="zh"/>
    <property name="java.specification.vendor" value="Oracle Corporation"/>
    <property name="java.home" value="C:\Program Files\Java\jdk1.8.0_171\jre"/>
    <property name="basedir" value="E:\Notes\FIT5171\fit5171_2019_34-kaixiang"/>
    <property name="file.separator" value="\"/>
    <property name="line.separator" value="&#10;"/>
    <property name="java.vm.specification.vendor" value="Oracle Corporation"/>
    <property name="java.specification.name" value="Java Platform API Specification"/>
    <property name="java.awt.graphicsenv" value="sun.awt.Win32GraphicsEnvironment"/>
    <property name="surefire.real.class.path" value="C:\Users\kaixaing\AppData\Local\Temp\surefire8656749172123475644\surefirebooter7194435788391452860.jar"/>
    <property name="sun.boot.class.path" value="C:\Program Files\Java\jdk1.8.0_171\jre\lib\resources.jar;C:\Program Files\Java\jdk1.8.0_171\jre\lib\rt.jar;C:\Program Files\Java\jdk1.8.0_171\jre\lib\sunrsasign.jar;C:\Program Files\Java\jdk1.8.0_171\jre\lib\jsse.jar;C:\Program Files\Java\jdk1.8.0_171\jre\lib\jce.jar;C:\Program Files\Java\jdk1.8.0_171\jre\lib\charsets.jar;C:\Program Files\Java\jdk1.8.0_171\jre\lib\jfr.jar;C:\Program Files\Java\jdk1.8.0_171\jre\classes"/>
    <property name="user.script" value=""/>
    <property name="sun.management.compiler" value="HotSpot 64-Bit Tiered Compilers"/>
    <property name="java.runtime.version" value="1.8.0_171-b11"/>
    <property name="user.name" value="kaixaing"/>
    <property name="path.separator" value=";"/>
    <property name="os.version" value="10.0"/>
    <property name="java.endorsed.dirs" value="C:\Program Files\Java\jdk1.8.0_171\jre\lib\endorsed"/>
    <property name="java.runtime.name" value="Java(TM) SE Runtime Environment"/>
    <property name="file.encoding" value="GBK"/>
    <property name="java.vm.name" value="Java HotSpot(TM) 64-Bit Server VM"/>
    <property name="localRepository" value="C:\Users\kaixaing\.m2\repository"/>
    <property name="java.vendor.url.bug" value="http://bugreport.sun.com/bugreport/"/>
    <property name="java.io.tmpdir" value="C:\Users\kaixaing\AppData\Local\Temp\"/>
    <property name="idea.version" value="2018.3.5"/>
    <property name="java.version" value="1.8.0_171"/>
    <property name="user.dir" value="E:\Notes\FIT5171\fit5171_2019_34-kaixiang"/>
    <property name="os.arch" value="amd64"/>
    <property name="java.vm.specification.name" value="Java Virtual Machine Specification"/>
    <property name="java.awt.printerjob" value="sun.awt.windows.WPrinterJob"/>
    <property name="sun.os.patch.level" value=""/>
    <property name="java.library.path" value="C:\Program Files\Java\jdk1.8.0_171\jre\bin;C:\WINDOWS\Sun\Java\bin;C:\WINDOWS\system32;C:\WINDOWS;C:\Program Files (x86)\Intel\iCLS Client\;C:\Program Files\Intel\iCLS Client\;C:\Windows\system32;C:\Windows;C:\Windows\System32\Wbem;C:\Windows\System32\WindowsPowerShell\v1.0\;C:\Program Files (x86)\Intel\Intel(R) Management Engine Components\DAL;C:\Program Files\Intel\Intel(R) Management Engine Components\DAL;C:\Program Files (x86)\Intel\Intel(R) Management Engine Components\IPT;C:\Program Files\Intel\Intel(R) Management Engine Components\IPT;C:\Program Files (x86)\NVIDIA Corporation\PhysX\Common;C:\Program Files\Intel\WiFi\bin\;C:\Program Files\Common Files\Intel\WirelessCommon\;C:\WINDOWS\system32;C:\WINDOWS;C:\WINDOWS\System32\Wbem;C:\WINDOWS\System32\WindowsPowerShell\v1.0\;C:\Program Files\Microsoft SQL Server\130\Tools\Binn\;C:\Program Files\dotnet\;C:\Users\zzbenben\.dnx\bin;C:\Program Files\Microsoft DNX\Dnvm\;F:\Mongodb\bin;C:\Program Files\Java\jdk1.8.0_171\bin;C:\Program Files\Java\jre1.8.0_171\bin;C:\Program Files\NVIDIA Corporation\NVIDIA NvDLISR;F:\Maven\apache-maven-3.6.0\bin;F:\GIT\Git\cmd;C:\Users\kaixaing\AppData\Local\Microsoft\WindowsApps;C:\Users\kaixaing\AppData\Local\GitHubDesktop\bin;."/>
    <property name="java.vm.info" value="mixed mode"/>
    <property name="java.vendor" value="Oracle Corporation"/>
    <property name="java.vm.version" value="25.171-b11"/>
    <property name="java.ext.dirs" value="C:\Program Files\Java\jdk1.8.0_171\jre\lib\ext;C:\WINDOWS\Sun\Java\lib\ext"/>
    <property name="sun.io.unicode.encoding" value="UnicodeLittle"/>
    <property name="java.class.version" value="52.0"/>
  </properties>
  <testcase name="shouldReturnMostReliableLaunchServiceProviders{int}[1]" classname="rockets.mining.RocketMinerUnitTest" time="0.614"/>
  <testcase name="shouldReturnMostReliableLaunchServiceProviders{int}[2]" classname="rockets.mining.RocketMinerUnitTest" time="0"/>
  <testcase name="shouldReturnMostReliableLaunchServiceProviders{int}[3]" classname="rockets.mining.RocketMinerUnitTest" time="0"/>
  <testcase name="shouldReturnTopMostActiveRockets{int}[1]" classname="rockets.mining.RocketMinerUnitTest" time="0"/>
  <testcase name="shouldReturnTopMostActiveRockets{int}[2]" classname="rockets.mining.RocketMinerUnitTest" time="0.016"/>
  <testcase name="shouldReturnTopMostActiveRockets{int}[3]" classname="rockets.mining.RocketMinerUnitTest" time="0"/>
  <testcase name="shouldReturnTopMostRecentLaunches{int}[1]" classname="rockets.mining.RocketMinerUnitTest" time="0"/>
  <testcase name="shouldReturnTopMostRecentLaunches{int}[2]" classname="rockets.mining.RocketMinerUnitTest" time="0"/>
  <testcase name="shouldReturnTopMostRecentLaunches{int}[3]" classname="rockets.mining.RocketMinerUnitTest" time="0"/>
</testsuite>